#! /usr/local/Cellar/icarus-verilog/10.2_1/bin/vvp
:ivl_version "10.2 (stable)" "(v10_2)";
:ivl_delay_selection "TYPICAL";
:vpi_time_precision - 1;
:vpi_module "system";
:vpi_module "vhdl_sys";
:vpi_module "v2005_math";
:vpi_module "va_math";
S_0x7fb53260a870 .scope module, "ModNCounter_tb" "ModNCounter_tb" 2 4;
 .timescale 0 -1;
v0x7fb532408780_0 .net "Q", 1 0, v0x7fb532600210_0;  1 drivers
v0x7fb532408850_0 .var "clk", 0 0;
v0x7fb532408900_0 .var "clr", 0 0;
S_0x7fb53260a9d0 .scope module, "myCounter" "ModNCounter" 2 10, 3 1 0, S_0x7fb53260a870;
 .timescale 0 -1;
    .port_info 0 /INPUT 1 "clk"
    .port_info 1 /INPUT 1 "clr"
    .port_info 2 /OUTPUT 2 "Q"
v0x7fb532600210_0 .var "Q", 1 0;
v0x7fb5324085d0_0 .net "clk", 0 0, v0x7fb532408850_0;  1 drivers
v0x7fb532408680_0 .net "clr", 0 0, v0x7fb532408900_0;  1 drivers
E_0x7fb532601cf0/0 .event negedge, v0x7fb532408680_0;
E_0x7fb532601cf0/1 .event posedge, v0x7fb5324085d0_0;
E_0x7fb532601cf0 .event/or E_0x7fb532601cf0/0, E_0x7fb532601cf0/1;
    .scope S_0x7fb53260a9d0;
T_0 ;
    %wait E_0x7fb532601cf0;
    %load/vec4 v0x7fb532408680_0;
    %inv;
    %flag_set/vec4 8;
    %jmp/0xz  T_0.0, 8;
    %pushi/vec4 0, 0, 2;
    %assign/vec4 v0x7fb532600210_0, 0;
    %jmp T_0.1;
T_0.0 ;
    %load/vec4 v0x7fb532600210_0;
    %cmpi/e 2, 0, 2;
    %jmp/0xz  T_0.2, 4;
    %pushi/vec4 0, 0, 2;
    %assign/vec4 v0x7fb532600210_0, 0;
    %jmp T_0.3;
T_0.2 ;
    %load/vec4 v0x7fb532600210_0;
    %addi 1, 0, 2;
    %assign/vec4 v0x7fb532600210_0, 0;
T_0.3 ;
T_0.1 ;
    %jmp T_0;
    .thread T_0;
    .scope S_0x7fb53260a870;
T_1 ;
    %vpi_call 2 14 "$monitor", "Count = %b", v0x7fb532408780_0 {0 0 0};
    %vpi_call 2 15 "$dumpfile", "modNCounter.vcd" {0 0 0};
    %vpi_call 2 16 "$dumpvars", 32'sb00000000000000000000000000000000, S_0x7fb53260a870 {0 0 0};
    %pushi/vec4 0, 0, 1;
    %assign/vec4 v0x7fb532408900_0, 0;
    %pushi/vec4 1, 0, 1;
    %assign/vec4 v0x7fb532408850_0, 0;
    %delay 10, 0;
    %pushi/vec4 1, 0, 1;
    %assign/vec4 v0x7fb532408900_0, 0;
    %pushi/vec4 0, 0, 1;
    %assign/vec4 v0x7fb532408850_0, 0;
    %delay 10, 0;
    %pushi/vec4 1, 0, 1;
    %assign/vec4 v0x7fb532408850_0, 0;
    %delay 10, 0;
    %pushi/vec4 0, 0, 1;
    %assign/vec4 v0x7fb532408850_0, 0;
    %delay 10, 0;
    %pushi/vec4 1, 0, 1;
    %assign/vec4 v0x7fb532408850_0, 0;
    %delay 10, 0;
    %pushi/vec4 0, 0, 1;
    %assign/vec4 v0x7fb532408850_0, 0;
    %delay 10, 0;
    %pushi/vec4 1, 0, 1;
    %assign/vec4 v0x7fb532408850_0, 0;
    %delay 10, 0;
    %pushi/vec4 0, 0, 1;
    %assign/vec4 v0x7fb532408850_0, 0;
    %delay 10, 0;
    %pushi/vec4 1, 0, 1;
    %assign/vec4 v0x7fb532408850_0, 0;
    %delay 10, 0;
    %pushi/vec4 0, 0, 1;
    %assign/vec4 v0x7fb532408850_0, 0;
    %delay 10, 0;
    %pushi/vec4 1, 0, 1;
    %assign/vec4 v0x7fb532408850_0, 0;
    %delay 10, 0;
    %pushi/vec4 0, 0, 1;
    %assign/vec4 v0x7fb532408850_0, 0;
    %delay 10, 0;
    %pushi/vec4 1, 0, 1;
    %assign/vec4 v0x7fb532408850_0, 0;
    %delay 10, 0;
    %pushi/vec4 0, 0, 1;
    %assign/vec4 v0x7fb532408850_0, 0;
    %delay 10, 0;
    %pushi/vec4 1, 0, 1;
    %assign/vec4 v0x7fb532408850_0, 0;
    %delay 10, 0;
    %pushi/vec4 0, 0, 1;
    %assign/vec4 v0x7fb532408850_0, 0;
    %delay 10, 0;
    %pushi/vec4 1, 0, 1;
    %assign/vec4 v0x7fb532408850_0, 0;
    %delay 10, 0;
    %pushi/vec4 0, 0, 1;
    %assign/vec4 v0x7fb532408850_0, 0;
    %delay 10, 0;
    %pushi/vec4 1, 0, 1;
    %assign/vec4 v0x7fb532408850_0, 0;
    %delay 10, 0;
    %pushi/vec4 0, 0, 1;
    %assign/vec4 v0x7fb532408850_0, 0;
    %delay 10, 0;
    %pushi/vec4 1, 0, 1;
    %assign/vec4 v0x7fb532408850_0, 0;
    %delay 10, 0;
    %pushi/vec4 0, 0, 1;
    %assign/vec4 v0x7fb532408850_0, 0;
    %delay 10, 0;
    %pushi/vec4 0, 0, 1;
    %assign/vec4 v0x7fb532408900_0, 0;
    %pushi/vec4 1, 0, 1;
    %assign/vec4 v0x7fb532408850_0, 0;
    %delay 10, 0;
    %pushi/vec4 1, 0, 1;
    %assign/vec4 v0x7fb532408900_0, 0;
    %pushi/vec4 0, 0, 1;
    %assign/vec4 v0x7fb532408850_0, 0;
    %delay 10, 0;
    %pushi/vec4 1, 0, 1;
    %assign/vec4 v0x7fb532408850_0, 0;
    %delay 10, 0;
    %pushi/vec4 0, 0, 1;
    %assign/vec4 v0x7fb532408850_0, 0;
    %delay 10, 0;
    %pushi/vec4 1, 0, 1;
    %assign/vec4 v0x7fb532408850_0, 0;
    %delay 10, 0;
    %pushi/vec4 0, 0, 1;
    %assign/vec4 v0x7fb532408850_0, 0;
    %delay 10, 0;
    %vpi_call 2 66 "$finish" {0 0 0};
    %end;
    .thread T_1;
# The file index is used to find the file name in the following table.
:file_names 4;
    "N/A";
    "<interactive>";
    "ModNCounter_tb.v";
    "./ModNCounter.v";
